TN:
SF:app.js
FN:26,startServer
FN:66,stopServer
FNF:2
FNH:2
FNDA:1,startServer
FNDA:1,stopServer
DA:1,1
DA:2,1
DA:3,1
DA:4,1
DA:5,1
DA:6,1
DA:7,1
DA:8,1
DA:9,1
DA:10,1
DA:11,1
DA:12,1
DA:13,1
DA:14,1
DA:15,1
DA:16,1
DA:17,1
DA:18,1
DA:19,1
DA:20,1
DA:21,1
DA:22,1
DA:23,1
DA:24,1
DA:25,1
DA:26,1
DA:27,1
DA:28,1
DA:29,1
DA:30,1
DA:31,1
DA:32,1
DA:33,1
DA:34,1
DA:35,1
DA:36,1
DA:37,1
DA:38,1
DA:39,1
DA:40,1
DA:41,1
DA:42,1
DA:43,1
DA:44,1
DA:45,1
DA:46,1
DA:47,1
DA:48,1
DA:49,1
DA:50,0
DA:51,1
DA:52,1
DA:53,1
DA:54,0
DA:55,0
DA:56,1
DA:57,1
DA:58,1
DA:59,1
DA:60,1
DA:61,1
DA:62,1
DA:63,1
DA:64,1
DA:65,1
DA:66,1
DA:67,1
DA:68,1
DA:69,1
DA:70,1
DA:71,1
DA:72,1
DA:73,0
DA:74,0
DA:75,1
DA:76,1
DA:77,1
LF:77
LH:72
BRDA:26,0,0,1
BRDA:66,1,0,1
BRDA:67,2,0,1
BRDA:68,3,0,1
BRDA:72,4,0,0
BRF:5
BRH:4
end_of_record
TN:
SF:config.js
FN:4,required
FNF:1
FNH:1
FNDA:30,required
DA:1,1
DA:2,1
DA:3,1
DA:4,30
DA:5,30
DA:6,30
DA:7,0
DA:8,0
DA:9,30
DA:10,30
DA:11,1
DA:12,1
DA:13,1
DA:14,1
DA:15,1
DA:16,1
DA:17,1
DA:18,1
DA:19,1
DA:20,1
DA:21,1
DA:22,1
DA:23,1
DA:24,1
DA:25,1
DA:26,1
DA:27,1
DA:28,1
DA:29,1
DA:30,1
DA:31,1
DA:32,1
DA:33,1
DA:34,1
DA:35,1
DA:36,1
DA:37,1
DA:38,1
DA:39,1
DA:40,1
LF:40
LH:38
BRDA:4,0,0,30
BRDA:5,1,0,3
BRDA:6,2,0,0
BRF:3
BRH:2
end_of_record
TN:
SF:index.js
FN:1,(empty-report)
FNF:1
FNH:0
FNDA:0,(empty-report)
DA:1,0
DA:2,0
DA:3,0
DA:4,0
LF:4
LH:0
BRDA:1,0,0,0
BRF:1
BRH:0
end_of_record
TN:
SF:connection/socket.js
FN:1,Object.<anonymous>
FN:13,_interopRequireDefault
FN:18,Socket
FNF:3
FNH:3
FNDA:1,Object.<anonymous>
FNDA:1,_interopRequireDefault
FNDA:1,Socket
DA:1,1
DA:2,1
DA:3,1
DA:4,1
DA:5,1
DA:6,1
DA:7,1
DA:8,1
DA:9,1
DA:10,1
DA:11,1
DA:12,1
DA:13,1
DA:14,1
DA:15,1
DA:16,1
DA:17,1
DA:18,1
DA:19,1
DA:20,1
DA:21,1
DA:22,1
DA:23,1
DA:24,1
DA:25,1
DA:26,1
DA:27,1
DA:28,1
DA:29,1
DA:30,1
DA:31,1
DA:32,1
DA:33,1
DA:34,1
DA:35,1
DA:36,1
DA:37,1
DA:38,1
DA:39,1
DA:40,1
DA:41,1
DA:42,1
DA:43,1
DA:44,1
DA:45,1
DA:46,0
LF:46
LH:45
BRDA:1,0,0,1
BRDA:1,1,0,1
BRDA:13,2,0,1
BRDA:15,3,0,0
BRDA:18,4,0,1
BRF:5
BRH:4
end_of_record
TN:
SF:controller/auth_controller.js
FN:1,Object.<anonymous>
FN:15,_getRequireWildcardCache
FN:28,_interopRequireWildcard
FN:52,_interopRequireDefault
FN:58,signup
FN:81,login
FNF:6
FNH:5
FNDA:1,Object.<anonymous>
FNDA:0,_getRequireWildcardCache
FNDA:1,_interopRequireWildcard
FNDA:2,_interopRequireDefault
FNDA:8,signup
FNDA:4,login
DA:1,1
DA:2,1
DA:3,1
DA:4,1
DA:5,1
DA:6,1
DA:7,1
DA:8,1
DA:9,1
DA:10,1
DA:11,1
DA:12,1
DA:13,1
DA:14,1
DA:15,1
DA:16,0
DA:17,0
DA:18,0
DA:19,0
DA:20,0
DA:21,0
DA:22,0
DA:23,0
DA:24,0
DA:25,0
DA:26,0
DA:27,0
DA:28,1
DA:29,1
DA:30,1
DA:31,0
DA:32,0
DA:33,1
DA:34,0
DA:35,0
DA:36,1
DA:37,0
DA:38,0
DA:39,0
DA:40,1
DA:41,0
DA:42,0
DA:43,0
DA:44,0
DA:45,0
DA:46,0
DA:47,0
DA:48,0
DA:49,0
DA:50,0
DA:51,0
DA:52,1
DA:53,2
DA:54,2
DA:55,2
DA:56,2
DA:57,2
DA:58,1
DA:59,8
DA:60,8
DA:61,8
DA:62,8
DA:63,8
DA:64,8
DA:65,8
DA:66,8
DA:67,1
DA:68,1
DA:69,1
DA:70,1
DA:71,8
DA:72,7
DA:73,7
DA:74,7
DA:75,7
DA:76,7
DA:77,7
DA:78,7
DA:79,7
DA:80,7
DA:81,1
DA:82,4
DA:83,4
DA:84,4
DA:85,4
DA:86,4
DA:87,1
DA:88,1
DA:89,1
DA:90,1
DA:91,1
DA:92,4
DA:93,3
DA:94,4
DA:95,1
DA:96,1
DA:97,1
DA:98,1
DA:99,1
LF:99
LH:69
BRDA:1,0,0,1
BRDA:1,1,0,1
BRDA:28,2,0,1
BRDA:30,3,0,0
BRDA:33,4,0,0
BRDA:36,5,0,0
BRDA:40,6,0,0
BRDA:52,7,0,2
BRDA:57,8,0,0
BRDA:58,9,0,8
BRDA:66,10,0,1
BRDA:71,11,0,7
BRDA:81,12,0,4
BRDA:86,13,0,1
BRDA:92,14,0,3
BRDA:94,15,0,1
BRF:16
BRH:11
end_of_record
TN:
SF:controller/tweet_controller.js
FN:2,TweetController
FN:7,<instance_members_initializer>
FN:7,getTweets
FN:15,createTweet
FN:24,deleteTweet
FNF:5
FNH:5
FNDA:8,TweetController
FNDA:8,<instance_members_initializer>
FNDA:2,getTweets
FNDA:2,createTweet
FNDA:3,deleteTweet
DA:1,1
DA:2,1
DA:3,8
DA:4,8
DA:5,8
DA:6,1
DA:7,1
DA:8,2
DA:9,2
DA:10,1
DA:11,2
DA:12,2
DA:13,8
DA:14,8
DA:15,8
DA:16,2
DA:17,2
DA:18,2
DA:19,2
DA:20,2
DA:21,8
DA:22,8
DA:23,8
DA:24,8
DA:25,3
DA:26,3
DA:27,3
DA:28,1
DA:29,1
DA:30,3
DA:31,1
DA:32,1
DA:33,1
DA:34,1
DA:35,1
DA:36,1
LF:36
LH:36
BRDA:2,0,0,8
BRDA:7,1,0,8
BRDA:7,2,0,2
BRDA:10,3,0,1
BRDA:11,4,0,1
BRDA:15,5,0,2
BRDA:24,6,0,3
BRDA:27,7,0,1
BRDA:29,8,0,2
BRDA:30,9,0,1
BRF:10
BRH:10
end_of_record
TN:
SF:controller/work_controller.js
FN:1,Object.<anonymous>
FN:10,_getRequireWildcardCache
FN:22,_interopRequireWildcard
FN:53,getWorks
FN:66,showWorks
FNF:5
FNH:2
FNDA:1,Object.<anonymous>
FNDA:0,_getRequireWildcardCache
FNDA:1,_interopRequireWildcard
FNDA:0,getWorks
FNDA:0,showWorks
DA:1,1
DA:2,1
DA:3,1
DA:4,1
DA:5,1
DA:6,1
DA:7,1
DA:8,1
DA:9,1
DA:10,1
DA:11,0
DA:12,0
DA:13,0
DA:14,0
DA:15,0
DA:16,0
DA:17,0
DA:18,0
DA:19,0
DA:20,0
DA:21,0
DA:22,1
DA:23,1
DA:24,1
DA:25,0
DA:26,1
DA:27,0
DA:28,0
DA:29,0
DA:30,0
DA:31,1
DA:32,0
DA:33,0
DA:34,0
DA:35,0
DA:36,1
DA:37,0
DA:38,0
DA:39,0
DA:40,0
DA:41,0
DA:42,0
DA:43,0
DA:44,0
DA:45,0
DA:46,0
DA:47,0
DA:48,0
DA:49,0
DA:50,0
DA:51,0
DA:52,0
DA:53,1
DA:54,0
DA:55,0
DA:56,0
DA:57,0
DA:58,0
DA:59,0
DA:60,0
DA:61,0
DA:62,0
DA:63,0
DA:64,0
DA:65,0
DA:66,1
DA:67,0
DA:68,0
DA:69,0
DA:70,0
DA:71,0
LF:71
LH:18
BRDA:1,0,0,1
BRDA:1,1,0,1
BRDA:22,2,0,1
BRDA:24,3,0,0
BRDA:26,4,0,0
BRDA:31,5,0,0
BRDA:36,6,0,0
BRF:7
BRH:3
end_of_record
TN:
SF:data/auth_data.js
FN:33,findByUsername
FN:37,findById
FN:41,createUser
FN:45,remove
FNF:4
FNH:3
FNDA:12,findByUsername
FNDA:2,findById
FNDA:7,createUser
FNDA:0,remove
DA:1,1
DA:2,1
DA:3,1
DA:4,1
DA:5,1
DA:6,1
DA:7,1
DA:8,1
DA:9,1
DA:10,1
DA:11,1
DA:12,1
DA:13,1
DA:14,1
DA:15,1
DA:16,1
DA:17,1
DA:18,1
DA:19,1
DA:20,1
DA:21,1
DA:22,1
DA:23,1
DA:24,1
DA:25,1
DA:26,1
DA:27,1
DA:28,1
DA:29,1
DA:30,1
DA:31,1
DA:32,1
DA:33,1
DA:34,12
DA:35,12
DA:36,1
DA:37,1
DA:38,2
DA:39,2
DA:40,1
DA:41,1
DA:42,7
DA:43,7
DA:44,1
DA:45,1
DA:46,0
DA:47,0
DA:48,0
LF:48
LH:45
BRDA:33,0,0,12
BRDA:37,1,0,2
BRDA:41,2,0,7
BRDA:42,3,0,7
BRF:4
BRH:4
end_of_record
TN:
SF:data/tweet_data.js
FN:1,Object.<anonymous>
FN:17,_interopRequireDefault
FN:62,getAll
FN:69,getAllByUsername
FNF:4
FNH:2
FNDA:1,Object.<anonymous>
FNDA:1,_interopRequireDefault
FNDA:0,getAll
FNDA:0,getAllByUsername
DA:1,1
DA:2,1
DA:3,1
DA:4,1
DA:5,1
DA:6,1
DA:7,1
DA:8,1
DA:9,1
DA:10,1
DA:11,1
DA:12,1
DA:13,1
DA:14,1
DA:15,1
DA:16,1
DA:17,1
DA:18,1
DA:19,1
DA:20,1
DA:21,1
DA:22,1
DA:23,1
DA:24,1
DA:25,1
DA:26,1
DA:27,1
DA:28,1
DA:29,1
DA:30,1
DA:31,1
DA:32,1
DA:33,1
DA:34,1
DA:35,1
DA:36,1
DA:37,1
DA:38,1
DA:39,1
DA:40,1
DA:41,1
DA:42,1
DA:43,1
DA:44,1
DA:45,1
DA:46,1
DA:47,1
DA:48,1
DA:49,1
DA:50,1
DA:51,1
DA:52,1
DA:53,1
DA:54,1
DA:55,1
DA:56,1
DA:57,1
DA:58,1
DA:59,1
DA:60,1
DA:61,1
DA:62,1
DA:63,0
DA:64,0
DA:65,0
DA:66,0
DA:67,0
DA:68,0
DA:69,1
DA:70,0
DA:71,0
DA:72,0
DA:73,0
DA:74,0
DA:75,0
DA:76,0
DA:77,0
LF:77
LH:63
BRDA:1,0,0,1
BRDA:1,1,0,1
BRDA:17,2,0,1
BRDA:21,3,0,0
BRF:4
BRH:3
end_of_record
TN:
SF:data/work_data.js
FN:1,Object.<anonymous>
FN:20,_interopRequireDefault
FN:78,getAll
FN:86,getAllByUsername
FN:104,getAllBySearch
FN:123,getById
FNF:6
FNH:2
FNDA:1,Object.<anonymous>
FNDA:1,_interopRequireDefault
FNDA:0,getAll
FNDA:0,getAllByUsername
FNDA:0,getAllBySearch
FNDA:0,getById
DA:1,1
DA:2,1
DA:3,1
DA:4,1
DA:5,1
DA:6,1
DA:7,1
DA:8,1
DA:9,1
DA:10,1
DA:11,1
DA:12,1
DA:13,1
DA:14,1
DA:15,1
DA:16,1
DA:17,1
DA:18,1
DA:19,1
DA:20,1
DA:21,1
DA:22,1
DA:23,1
DA:24,1
DA:25,1
DA:26,1
DA:27,1
DA:28,1
DA:29,1
DA:30,1
DA:31,1
DA:32,1
DA:33,1
DA:34,1
DA:35,1
DA:36,1
DA:37,1
DA:38,1
DA:39,1
DA:40,1
DA:41,1
DA:42,1
DA:43,1
DA:44,1
DA:45,1
DA:46,1
DA:47,1
DA:48,1
DA:49,1
DA:50,1
DA:51,1
DA:52,1
DA:53,1
DA:54,1
DA:55,1
DA:56,1
DA:57,1
DA:58,1
DA:59,1
DA:60,1
DA:61,1
DA:62,1
DA:63,1
DA:64,1
DA:65,1
DA:66,1
DA:67,1
DA:68,1
DA:69,1
DA:70,1
DA:71,1
DA:72,1
DA:73,1
DA:74,1
DA:75,1
DA:76,1
DA:77,1
DA:78,1
DA:79,0
DA:80,0
DA:81,0
DA:82,0
DA:83,0
DA:84,0
DA:85,0
DA:86,1
DA:87,0
DA:88,0
DA:89,0
DA:90,0
DA:91,0
DA:92,0
DA:93,0
DA:94,0
DA:95,0
DA:96,0
DA:97,0
DA:98,0
DA:99,0
DA:100,0
DA:101,0
DA:102,0
DA:103,0
DA:104,1
DA:105,0
DA:106,0
DA:107,0
DA:108,0
DA:109,0
DA:110,0
DA:111,0
DA:112,0
DA:113,0
DA:114,0
DA:115,0
DA:116,0
DA:117,0
DA:118,0
DA:119,0
DA:120,0
DA:121,0
DA:122,0
DA:123,1
DA:124,0
DA:125,0
DA:126,0
LF:126
LH:81
BRDA:1,0,0,1
BRDA:1,1,0,1
BRDA:20,2,0,1
BRDA:24,3,0,0
BRF:4
BRH:3
end_of_record
TN:
SF:db/database.js
FNF:0
FNH:0
DA:1,1
DA:2,1
DA:3,1
DA:4,1
DA:5,1
DA:6,1
DA:7,1
DA:8,1
DA:9,1
LF:9
LH:9
BRF:0
BRH:0
end_of_record
TN:
SF:middleware/auth_middleware.js
FN:7,isAuth
FNF:1
FNH:1
FNDA:6,isAuth
DA:1,1
DA:2,1
DA:3,1
DA:4,1
DA:5,1
DA:6,1
DA:7,1
DA:8,6
DA:9,6
DA:10,6
DA:11,4
DA:12,4
DA:13,6
DA:14,6
DA:15,2
DA:16,2
DA:17,6
DA:18,6
DA:19,2
DA:20,2
DA:21,4
DA:22,4
DA:23,4
DA:24,1
DA:25,1
DA:26,3
DA:27,4
DA:28,1
DA:29,1
DA:30,2
DA:31,2
DA:32,2
DA:33,4
DA:34,4
DA:35,1
DA:36,1
DA:37,1
DA:38,1
DA:39,1
LF:39
LH:39
BRDA:7,0,0,6
BRDA:10,1,0,5
BRDA:10,2,0,4
BRDA:14,3,0,2
BRDA:18,4,0,2
BRDA:20,5,0,4
BRDA:22,6,0,4
BRDA:23,7,0,1
BRDA:25,8,0,3
BRDA:27,9,0,2
BRDA:27,10,0,1
BRF:11
BRH:11
end_of_record
TN:
SF:middleware/csrf.js
FN:1,Object.<anonymous>
FN:8,_interopRequireDefault
FN:16,csrfCheck
FNF:3
FNH:3
FNDA:1,Object.<anonymous>
FNDA:1,_interopRequireDefault
FNDA:19,csrfCheck
DA:1,1
DA:2,1
DA:3,1
DA:4,1
DA:5,1
DA:6,1
DA:7,1
DA:8,1
DA:9,1
DA:10,1
DA:11,1
DA:12,1
DA:13,1
DA:14,1
DA:15,1
DA:16,1
DA:17,19
DA:18,19
DA:19,17
DA:20,19
DA:21,17
DA:22,17
DA:23,19
DA:24,0
DA:25,0
DA:26,0
DA:27,0
DA:28,19
DA:29,17
DA:30,17
DA:31,17
DA:32,0
DA:33,0
DA:34,0
DA:35,0
DA:36,0
DA:37,0
DA:38,0
DA:39,0
DA:40,0
DA:41,17
DA:42,0
DA:43,0
LF:43
LH:28
BRDA:1,0,0,1
BRDA:1,1,0,1
BRDA:8,2,0,1
BRDA:13,3,0,0
BRDA:16,4,0,19
BRDA:17,5,0,17
BRDA:18,6,0,17
BRDA:20,7,0,2
BRDA:20,8,0,17
BRDA:23,9,0,0
BRDA:28,10,0,17
BRDA:31,11,0,17
BRDA:31,12,0,0
BRF:13
BRH:10
end_of_record
TN:
SF:middleware/rate-limiter.js
FN:1,Object.<anonymous>
FNF:1
FNH:1
FNDA:1,Object.<anonymous>
DA:1,1
DA:2,1
DA:3,1
DA:4,1
DA:5,1
DA:6,1
DA:7,1
DA:8,1
DA:9,1
DA:10,1
DA:11,1
DA:12,1
DA:13,1
DA:14,1
LF:14
LH:14
BRDA:1,0,0,1
BRDA:1,1,0,1
BRF:2
BRH:2
end_of_record
TN:
SF:middleware/upload.js
FN:1,Object.<anonymous>
FN:7,_interopRequireDefault
FNF:2
FNH:2
FNDA:1,Object.<anonymous>
FNDA:1,_interopRequireDefault
DA:1,1
DA:2,1
DA:3,1
DA:4,1
DA:5,1
DA:6,1
DA:7,1
DA:8,1
DA:9,1
DA:10,1
DA:11,1
DA:12,1
LF:12
LH:12
BRDA:1,0,0,1
BRDA:1,1,0,1
BRDA:7,2,0,1
BRDA:8,3,0,0
BRF:4
BRH:3
end_of_record
TN:
SF:middleware/validator.js
FN:3,validate
FNF:1
FNH:1
FNDA:27,validate
DA:1,1
DA:2,1
DA:3,1
DA:4,27
DA:5,27
DA:6,22
DA:7,22
DA:8,5
DA:9,5
LF:9
LH:9
BRDA:3,0,0,27
BRDA:5,1,0,26
BRDA:5,2,0,22
BRDA:7,3,0,5
BRF:4
BRH:4
end_of_record
TN:
SF:router/auth_router.js
FNF:0
FNH:0
DA:1,1
DA:2,1
DA:3,1
DA:4,1
DA:5,1
DA:6,1
DA:7,1
DA:8,1
DA:9,1
DA:10,1
DA:11,1
DA:12,1
DA:13,1
DA:14,1
DA:15,1
DA:16,1
DA:17,1
DA:18,1
DA:19,1
DA:20,1
DA:21,1
DA:22,1
DA:23,1
DA:24,1
DA:25,1
DA:26,1
DA:27,1
DA:28,1
DA:29,1
DA:30,1
DA:31,1
DA:32,1
DA:33,1
DA:34,1
DA:35,1
DA:36,1
DA:37,1
DA:38,1
DA:39,1
DA:40,1
LF:40
LH:40
BRF:0
BRH:0
end_of_record
TN:
SF:router/tweet_router.js
FN:1,Object.<anonymous>
FN:18,_getRequireWildcardCache
FNF:2
FNH:1
FNDA:1,Object.<anonymous>
FNDA:0,_getRequireWildcardCache
DA:1,1
DA:2,1
DA:3,1
DA:4,1
DA:5,1
DA:6,1
DA:7,1
DA:8,1
DA:9,1
DA:10,1
DA:11,1
DA:12,1
DA:13,1
DA:14,1
DA:15,1
DA:16,1
DA:17,1
DA:18,0
DA:19,0
DA:20,0
DA:21,0
DA:22,0
DA:23,0
LF:23
LH:17
BRDA:1,0,0,1
BRDA:1,1,0,1
BRF:2
BRH:2
end_of_record
TN:
SF:router/work_router.js
FN:1,Object.<anonymous>
FN:10,_getRequireWildcardCache
FNF:2
FNH:1
FNDA:1,Object.<anonymous>
FNDA:0,_getRequireWildcardCache
DA:1,1
DA:2,1
DA:3,1
DA:4,1
DA:5,1
DA:6,1
DA:7,1
DA:8,1
DA:9,1
DA:10,1
DA:11,0
DA:12,0
DA:13,0
DA:14,0
DA:15,0
LF:15
LH:10
BRDA:1,0,0,1
BRDA:1,1,0,1
BRF:2
BRH:2
end_of_record
